2025-02-24 11:35:51 INFO  TC000010_LoginDDT:22 - **** Starting Tc0000_Login Test ****
2025-02-24 11:35:53 INFO  TC000010_LoginDDT:22 - **** Starting Tc0000_Login Test ****
2025-02-24 11:35:54 INFO  TC000010_LoginDDT:22 - **** Starting Tc0000_Login Test ****
2025-02-24 11:35:54 INFO  TC000010_LoginDDT:22 - **** Starting Tc0000_Login Test ****
2025-02-24 11:35:54 INFO  TC000010_LoginDDT:22 - **** Starting Tc0000_Login Test ****
2025-02-24 11:41:02 INFO  TC000010_LoginDDT:22 - **** Starting Tc0000_Login Test ****
2025-02-24 11:41:03 INFO  TC000010_LoginDDT:31 - **** Click On Sign In Button ****
2025-02-24 11:41:03 INFO  TC000010_LoginDDT:40 - **** Providing Student Details ****
2025-02-24 11:41:03 INFO  TC000010_LoginDDT:44 - **** Click On the continue Button ****
2025-02-24 11:41:04 INFO  TC000010_LoginDDT:55 - **** Enter the Password ****
2025-02-24 11:41:04 INFO  TC000010_LoginDDT:59 - **** Click On the verify Button ****
2025-02-24 11:41:08 INFO  TC000010_LoginDDT:110 - **** Finished Tc0000_Login Test ****
2025-02-24 11:41:08 INFO  TC000010_LoginDDT:22 - **** Starting Tc0000_Login Test ****
2025-02-24 11:41:08 INFO  TC000010_LoginDDT:31 - **** Click On Sign In Button ****
2025-02-24 11:41:08 INFO  TC000010_LoginDDT:40 - **** Providing Student Details ****
2025-02-24 11:41:08 INFO  TC000010_LoginDDT:44 - **** Click On the continue Button ****
2025-02-24 11:41:19 INFO  TC000010_LoginDDT:22 - **** Starting Tc0000_Login Test ****
2025-02-24 11:41:19 INFO  TC000010_LoginDDT:31 - **** Click On Sign In Button ****
2025-02-24 11:41:29 INFO  TC000010_LoginDDT:22 - **** Starting Tc0000_Login Test ****
2025-02-24 11:41:29 INFO  TC000010_LoginDDT:31 - **** Click On Sign In Button ****
2025-02-24 11:41:39 INFO  TC000010_LoginDDT:22 - **** Starting Tc0000_Login Test ****
2025-02-24 11:41:39 INFO  TC000010_LoginDDT:31 - **** Click On Sign In Button ****
2025-02-24 11:45:12 INFO  TC000010_LoginDDT:22 - **** Starting Tc0000_Login Test ****
2025-02-24 11:45:12 INFO  TC000010_LoginDDT:31 - **** Click On Sign In Button ****
2025-02-24 11:45:12 INFO  TC000010_LoginDDT:40 - **** Providing Student Details ****
2025-02-24 11:45:12 INFO  TC000010_LoginDDT:44 - **** Click On the continue Button ****
2025-02-24 11:45:13 INFO  TC000010_LoginDDT:55 - **** Enter the Password ****
2025-02-24 11:45:13 INFO  TC000010_LoginDDT:59 - **** Click On the verify Button ****
2025-02-24 11:45:18 INFO  TC000010_LoginDDT:110 - **** Finished Tc0000_Login Test ****
2025-02-24 11:45:18 INFO  TC000010_LoginDDT:22 - **** Starting Tc0000_Login Test ****
2025-02-24 11:45:18 INFO  TC000010_LoginDDT:31 - **** Click On Sign In Button ****
2025-02-24 11:45:18 INFO  TC000010_LoginDDT:40 - **** Providing Student Details ****
2025-02-24 11:45:18 INFO  TC000010_LoginDDT:44 - **** Click On the continue Button ****
2025-02-24 11:45:28 INFO  TC000010_LoginDDT:22 - **** Starting Tc0000_Login Test ****
2025-02-24 11:45:28 INFO  TC000010_LoginDDT:31 - **** Click On Sign In Button ****
2025-02-24 11:45:33 INFO  TC000010_LoginDDT:22 - **** Starting Tc0000_Login Test ****
2025-02-24 11:45:33 INFO  TC000010_LoginDDT:22 - **** Starting Tc0000_Login Test ****
